2022-04-23 17:55:48 INFO  Log:11 - =====================================verifyLogo TEST START=========================================
2022-04-23 17:55:48 INFO  Log:15 - =====================================verifyLogo TEST END=========================================
2022-04-23 17:55:59 INFO  Log:11 - =====================================verifyTitle TEST START=========================================
2022-04-23 17:55:59 INFO  Log:15 - =====================================verifyTitle TEST END=========================================
2022-04-23 19:42:33 INFO  Log:11 - =====================================verifyLogo TEST START=========================================
2022-04-23 19:42:33 INFO  Log:15 - =====================================verifyLogo TEST END=========================================
2022-04-23 19:42:44 INFO  Log:11 - =====================================verifyTitle TEST START=========================================
2022-04-23 19:42:44 INFO  Log:15 - =====================================verifyTitle TEST END=========================================
2022-04-23 20:04:56 INFO  Log:11 - =====================================verifyLogo TEST START=========================================
2022-04-23 20:04:56 INFO  Log:15 - =====================================verifyLogo TEST END=========================================
2022-04-23 20:05:06 INFO  Log:11 - =====================================verifyTitle TEST START=========================================
2022-04-23 20:05:06 INFO  Log:15 - =====================================verifyTitle TEST END=========================================
2022-04-23 20:13:33 INFO  Log:11 - =====================================verifyLogo TEST START=========================================
2022-04-23 20:13:33 INFO  Log:15 - =====================================verifyLogo TEST END=========================================
2022-04-23 20:13:51 INFO  Log:11 - =====================================verifyTitle TEST START=========================================
2022-04-23 20:13:51 INFO  Log:15 - =====================================verifyTitle TEST END=========================================
2022-04-23 20:33:08 INFO  Log:11 - =====================================verifyLogo TEST START=========================================
2022-04-23 20:33:08 INFO  Log:15 - =====================================verifyLogo TEST END=========================================
2022-04-23 20:33:18 INFO  Log:11 - =====================================verifyTitle TEST START=========================================
2022-04-23 20:33:18 INFO  Log:15 - =====================================verifyTitle TEST END=========================================
2022-04-23 22:40:11 INFO  Log:11 - =====================================verifyLogo TEST START=========================================
2022-04-23 22:40:11 INFO  Log:15 - =====================================verifyLogo TEST END=========================================
2022-04-23 22:40:35 INFO  Log:11 - =====================================verifyTitle TEST START=========================================
2022-04-23 22:40:35 INFO  Log:15 - =====================================verifyTitle TEST END=========================================
2022-04-23 22:57:09 INFO  Log:11 - =====================================verifyLogo TEST START=========================================
2022-04-23 22:57:10 INFO  Log:15 - =====================================verifyLogo TEST END=========================================
2022-04-23 22:57:21 INFO  Log:11 - =====================================verifyTitle TEST START=========================================
2022-04-23 22:57:21 INFO  Log:15 - =====================================verifyTitle TEST END=========================================
2022-04-24 20:27:57 INFO  Log:11 - =====================================verifyLogo TEST START=========================================
2022-04-24 20:27:57 INFO  Log:15 - =====================================verifyLogo TEST END=========================================
2022-04-24 20:28:07 INFO  Log:11 - =====================================verifyTitle TEST START=========================================
2022-04-24 20:28:07 INFO  Log:15 - =====================================verifyTitle TEST END=========================================
2022-05-10 18:58:54 INFO  Log:11 - =====================================verifyLogo TEST START=========================================
2022-05-10 18:58:54 INFO  Log:15 - =====================================verifyLogo TEST END=========================================
2022-05-10 18:59:15 INFO  Log:11 - =====================================verifyTitle TEST START=========================================
2022-05-10 18:59:15 INFO  Log:15 - =====================================verifyTitle TEST END=========================================
2022-05-14 17:20:28 INFO  Log:11 - =====================================verifyLogo TEST START=========================================
2022-05-14 17:20:28 INFO  Log:15 - =====================================verifyLogo TEST END=========================================
2022-05-14 17:20:38 INFO  Log:11 - =====================================verifyTitle TEST START=========================================
2022-05-14 17:20:38 INFO  Log:15 - =====================================verifyTitle TEST END=========================================
2022-05-14 17:24:43 INFO  Log:11 - =====================================verifyLogo TEST START=========================================
2022-05-14 17:24:43 INFO  Log:15 - =====================================verifyLogo TEST END=========================================
2022-05-14 17:24:55 INFO  Log:11 - =====================================verifyTitle TEST START=========================================
2022-05-14 17:24:55 INFO  Log:15 - =====================================verifyTitle TEST END=========================================
2022-05-14 17:31:05 INFO  Log:11 - =====================================verifyLogo TEST START=========================================
2022-05-14 17:31:05 INFO  Log:15 - =====================================verifyLogo TEST END=========================================
2022-05-14 17:31:15 INFO  Log:11 - =====================================verifyTitle TEST START=========================================
2022-05-14 17:31:15 INFO  Log:15 - =====================================verifyTitle TEST END=========================================
2022-05-23 14:30:07 INFO  Log:11 - =====================================verifyLogo TEST START=========================================
2022-05-23 14:30:08 INFO  Log:15 - =====================================verifyLogo TEST END=========================================
2022-05-23 14:30:12 INFO  Log:11 - =====================================verifyTitle TEST START=========================================
2022-05-24 20:33:47 INFO  Log:11 - =====================================verifyLogo TEST START=========================================
2022-05-24 20:33:47 INFO  Log:15 - =====================================verifyLogo TEST END=========================================
2022-05-24 20:34:05 INFO  Log:11 - =====================================verifyTitle TEST START=========================================
2022-05-24 20:34:05 INFO  Log:15 - =====================================verifyTitle TEST END=========================================
2022-06-04 23:05:23 INFO  Log:11 - =====================================verifyLogo TEST START=========================================
2022-06-04 23:05:24 INFO  Log:15 - =====================================verifyLogo TEST END=========================================
2022-06-04 23:05:34 INFO  Log:11 - =====================================verifyTitle TEST START=========================================
2022-06-04 23:05:34 INFO  Log:15 - =====================================verifyTitle TEST END=========================================
2022-06-04 23:06:02 DEBUG cache:45 - Couldn't find template in cache for "v3html/v3-html-index.ftl"("en", UTF-8, parsed); will try to load it.
2022-06-04 23:06:02 DEBUG cache:45 - TemplateLoader.findTemplateSource("v3html/v3-html-index_en.ftl"): Not found
2022-06-04 23:06:02 DEBUG cache:45 - TemplateLoader.findTemplateSource("v3html/v3-html-index.ftl"): Found
2022-06-04 23:06:02 DEBUG cache:45 - Loading template for "v3html/v3-html-index.ftl"("en", UTF-8, parsed) from "jar:file:/C:/Users/Parashuram/.m2/repository/com/aventstack/extentreports/4.0.9/extentreports-4.0.9.jar!/com/aventstack/extentreports/view/v3html/v3-html-index.ftl"
2022-06-04 23:06:03 DEBUG cache:45 - Couldn't find template in cache for "v3html/v3-html-head.ftl"("en", UTF-8, parsed); will try to load it.
2022-06-04 23:06:03 DEBUG cache:45 - TemplateLoader.findTemplateSource("v3html/v3-html-head_en.ftl"): Not found
2022-06-04 23:06:03 DEBUG cache:45 - TemplateLoader.findTemplateSource("v3html/v3-html-head.ftl"): Found
2022-06-04 23:06:03 DEBUG cache:45 - Loading template for "v3html/v3-html-head.ftl"("en", UTF-8, parsed) from "jar:file:/C:/Users/Parashuram/.m2/repository/com/aventstack/extentreports/4.0.9/extentreports-4.0.9.jar!/com/aventstack/extentreports/view/v3html/v3-html-head.ftl"
2022-06-04 23:06:03 DEBUG cache:45 - Couldn't find template in cache for "v3html/v3-html-nav.ftl"("en", UTF-8, parsed); will try to load it.
2022-06-04 23:06:03 DEBUG cache:45 - TemplateLoader.findTemplateSource("v3html/v3-html-nav_en.ftl"): Not found
2022-06-04 23:06:03 DEBUG cache:45 - TemplateLoader.findTemplateSource("v3html/v3-html-nav.ftl"): Found
2022-06-04 23:06:03 DEBUG cache:45 - Loading template for "v3html/v3-html-nav.ftl"("en", UTF-8, parsed) from "jar:file:/C:/Users/Parashuram/.m2/repository/com/aventstack/extentreports/4.0.9/extentreports-4.0.9.jar!/com/aventstack/extentreports/view/v3html/v3-html-nav.ftl"
2022-06-04 23:06:03 DEBUG cache:45 - Couldn't find template in cache for "v3html/test-view/v3-html-test-view.ftl"("en", UTF-8, parsed); will try to load it.
2022-06-04 23:06:03 DEBUG cache:45 - TemplateLoader.findTemplateSource("v3html/test-view/v3-html-test-view_en.ftl"): Not found
2022-06-04 23:06:03 DEBUG cache:45 - TemplateLoader.findTemplateSource("v3html/test-view/v3-html-test-view.ftl"): Found
2022-06-04 23:06:03 DEBUG cache:45 - Loading template for "v3html/test-view/v3-html-test-view.ftl"("en", UTF-8, parsed) from "jar:file:/C:/Users/Parashuram/.m2/repository/com/aventstack/extentreports/4.0.9/extentreports-4.0.9.jar!/com/aventstack/extentreports/view/v3html/test-view/v3-html-test-view.ftl"
2022-06-04 23:06:03 DEBUG cache:45 - Couldn't find template in cache for "v3html/test-view/v3-html-test-view-charts.ftl"("en", UTF-8, parsed); will try to load it.
2022-06-04 23:06:03 DEBUG cache:45 - TemplateLoader.findTemplateSource("v3html/test-view/v3-html-test-view-charts_en.ftl"): Not found
2022-06-04 23:06:03 DEBUG cache:45 - TemplateLoader.findTemplateSource("v3html/test-view/v3-html-test-view-charts.ftl"): Found
2022-06-04 23:06:03 DEBUG cache:45 - Loading template for "v3html/test-view/v3-html-test-view-charts.ftl"("en", UTF-8, parsed) from "jar:file:/C:/Users/Parashuram/.m2/repository/com/aventstack/extentreports/4.0.9/extentreports-4.0.9.jar!/com/aventstack/extentreports/view/v3html/test-view/v3-html-test-view-charts.ftl"
2022-06-04 23:06:03 DEBUG cache:45 - Couldn't find template in cache for "v3html/test-view/v3-html-standard.ftl"("en", UTF-8, parsed); will try to load it.
2022-06-04 23:06:03 DEBUG cache:45 - TemplateLoader.findTemplateSource("v3html/test-view/v3-html-standard_en.ftl"): Not found
2022-06-04 23:06:03 DEBUG cache:45 - TemplateLoader.findTemplateSource("v3html/test-view/v3-html-standard.ftl"): Found
2022-06-04 23:06:03 DEBUG cache:45 - Loading template for "v3html/test-view/v3-html-standard.ftl"("en", UTF-8, parsed) from "jar:file:/C:/Users/Parashuram/.m2/repository/com/aventstack/extentreports/4.0.9/extentreports-4.0.9.jar!/com/aventstack/extentreports/view/v3html/test-view/v3-html-standard.ftl"
2022-06-04 23:06:03 DEBUG cache:45 - "v3html/test-view/v3-html-standard.ftl"("en", UTF-8, parsed) cached copy not yet stale; using cached.
2022-06-04 23:06:03 DEBUG cache:45 - "v3html/test-view/v3-html-standard.ftl"("en", UTF-8, parsed) cached copy not yet stale; using cached.
2022-06-04 23:06:03 DEBUG cache:45 - "v3html/test-view/v3-html-standard.ftl"("en", UTF-8, parsed) cached copy not yet stale; using cached.
2022-06-04 23:06:03 DEBUG cache:45 - "v3html/test-view/v3-html-standard.ftl"("en", UTF-8, parsed) cached copy not yet stale; using cached.
2022-06-04 23:06:03 DEBUG cache:45 - "v3html/test-view/v3-html-standard.ftl"("en", UTF-8, parsed) cached copy not yet stale; using cached.
2022-06-04 23:06:03 DEBUG cache:45 - "v3html/test-view/v3-html-standard.ftl"("en", UTF-8, parsed) cached copy not yet stale; using cached.
2022-06-04 23:06:03 DEBUG cache:45 - Couldn't find template in cache for "v3html/category-view/v3-html-category-view.ftl"("en", UTF-8, parsed); will try to load it.
2022-06-04 23:06:03 DEBUG cache:45 - TemplateLoader.findTemplateSource("v3html/category-view/v3-html-category-view_en.ftl"): Not found
2022-06-04 23:06:03 DEBUG cache:45 - TemplateLoader.findTemplateSource("v3html/category-view/v3-html-category-view.ftl"): Found
2022-06-04 23:06:03 DEBUG cache:45 - Loading template for "v3html/category-view/v3-html-category-view.ftl"("en", UTF-8, parsed) from "jar:file:/C:/Users/Parashuram/.m2/repository/com/aventstack/extentreports/4.0.9/extentreports-4.0.9.jar!/com/aventstack/extentreports/view/v3html/category-view/v3-html-category-view.ftl"
2022-06-04 23:06:03 DEBUG cache:45 - Couldn't find template in cache for "v3html/exception-view/v3-html-exception-view.ftl"("en", UTF-8, parsed); will try to load it.
2022-06-04 23:06:03 DEBUG cache:45 - TemplateLoader.findTemplateSource("v3html/exception-view/v3-html-exception-view_en.ftl"): Not found
2022-06-04 23:06:03 DEBUG cache:45 - TemplateLoader.findTemplateSource("v3html/exception-view/v3-html-exception-view.ftl"): Found
2022-06-04 23:06:03 DEBUG cache:45 - Loading template for "v3html/exception-view/v3-html-exception-view.ftl"("en", UTF-8, parsed) from "jar:file:/C:/Users/Parashuram/.m2/repository/com/aventstack/extentreports/4.0.9/extentreports-4.0.9.jar!/com/aventstack/extentreports/view/v3html/exception-view/v3-html-exception-view.ftl"
2022-06-04 23:06:03 DEBUG cache:45 - Couldn't find template in cache for "v3html/author-view/v3-html-author-view.ftl"("en", UTF-8, parsed); will try to load it.
2022-06-04 23:06:03 DEBUG cache:45 - TemplateLoader.findTemplateSource("v3html/author-view/v3-html-author-view_en.ftl"): Not found
2022-06-04 23:06:03 DEBUG cache:45 - TemplateLoader.findTemplateSource("v3html/author-view/v3-html-author-view.ftl"): Found
2022-06-04 23:06:03 DEBUG cache:45 - Loading template for "v3html/author-view/v3-html-author-view.ftl"("en", UTF-8, parsed) from "jar:file:/C:/Users/Parashuram/.m2/repository/com/aventstack/extentreports/4.0.9/extentreports-4.0.9.jar!/com/aventstack/extentreports/view/v3html/author-view/v3-html-author-view.ftl"
2022-06-04 23:06:03 DEBUG cache:45 - Couldn't find template in cache for "v3html/dashboard-view/v3-html-dashboard-view.ftl"("en", UTF-8, parsed); will try to load it.
2022-06-04 23:06:03 DEBUG cache:45 - TemplateLoader.findTemplateSource("v3html/dashboard-view/v3-html-dashboard-view_en.ftl"): Not found
2022-06-04 23:06:03 DEBUG cache:45 - TemplateLoader.findTemplateSource("v3html/dashboard-view/v3-html-dashboard-view.ftl"): Found
2022-06-04 23:06:03 DEBUG cache:45 - Loading template for "v3html/dashboard-view/v3-html-dashboard-view.ftl"("en", UTF-8, parsed) from "jar:file:/C:/Users/Parashuram/.m2/repository/com/aventstack/extentreports/4.0.9/extentreports-4.0.9.jar!/com/aventstack/extentreports/view/v3html/dashboard-view/v3-html-dashboard-view.ftl"
2022-06-04 23:06:03 DEBUG cache:45 - Couldn't find template in cache for "v3html/logs-view/v3-html-testrunner-logs-view.ftl"("en", UTF-8, parsed); will try to load it.
2022-06-04 23:06:03 DEBUG cache:45 - TemplateLoader.findTemplateSource("v3html/logs-view/v3-html-testrunner-logs-view_en.ftl"): Not found
2022-06-04 23:06:03 DEBUG cache:45 - TemplateLoader.findTemplateSource("v3html/logs-view/v3-html-testrunner-logs-view.ftl"): Found
2022-06-04 23:06:03 DEBUG cache:45 - Loading template for "v3html/logs-view/v3-html-testrunner-logs-view.ftl"("en", UTF-8, parsed) from "jar:file:/C:/Users/Parashuram/.m2/repository/com/aventstack/extentreports/4.0.9/extentreports-4.0.9.jar!/com/aventstack/extentreports/view/v3html/logs-view/v3-html-testrunner-logs-view.ftl"
2022-06-04 23:20:15 INFO  Log:11 - =====================================verifyLogo TEST START=========================================
2022-06-04 23:20:16 INFO  Log:15 - =====================================verifyLogo TEST END=========================================
2022-06-04 23:20:25 INFO  Log:11 - =====================================verifyTitle TEST START=========================================
2022-06-04 23:20:25 INFO  Log:15 - =====================================verifyTitle TEST END=========================================
2022-06-05 00:39:07 INFO  Log:11 - =====================================verifyLogo TEST START=========================================
2022-06-05 00:39:09 INFO  Log:15 - =====================================verifyLogo TEST END=========================================
2022-06-05 00:39:21 INFO  Log:11 - =====================================verifyTitle TEST START=========================================
2022-06-05 00:39:21 INFO  Log:15 - =====================================verifyTitle TEST END=========================================
2022-06-05 00:39:37 DEBUG cache:45 - Couldn't find template in cache for "v3html/v3-html-index.ftl"("en", UTF-8, parsed); will try to load it.
2022-06-05 00:39:37 DEBUG cache:45 - TemplateLoader.findTemplateSource("v3html/v3-html-index_en.ftl"): Not found
2022-06-05 00:39:37 DEBUG cache:45 - TemplateLoader.findTemplateSource("v3html/v3-html-index.ftl"): Found
2022-06-05 00:39:37 DEBUG cache:45 - Loading template for "v3html/v3-html-index.ftl"("en", UTF-8, parsed) from "jar:file:/C:/Users/Parashuram/.m2/repository/com/aventstack/extentreports/4.0.9/extentreports-4.0.9.jar!/com/aventstack/extentreports/view/v3html/v3-html-index.ftl"
2022-06-05 00:39:38 DEBUG cache:45 - Couldn't find template in cache for "v3html/v3-html-head.ftl"("en", UTF-8, parsed); will try to load it.
2022-06-05 00:39:38 DEBUG cache:45 - TemplateLoader.findTemplateSource("v3html/v3-html-head_en.ftl"): Not found
2022-06-05 00:39:38 DEBUG cache:45 - TemplateLoader.findTemplateSource("v3html/v3-html-head.ftl"): Found
2022-06-05 00:39:38 DEBUG cache:45 - Loading template for "v3html/v3-html-head.ftl"("en", UTF-8, parsed) from "jar:file:/C:/Users/Parashuram/.m2/repository/com/aventstack/extentreports/4.0.9/extentreports-4.0.9.jar!/com/aventstack/extentreports/view/v3html/v3-html-head.ftl"
2022-06-05 00:39:38 DEBUG cache:45 - Couldn't find template in cache for "v3html/v3-html-nav.ftl"("en", UTF-8, parsed); will try to load it.
2022-06-05 00:39:38 DEBUG cache:45 - TemplateLoader.findTemplateSource("v3html/v3-html-nav_en.ftl"): Not found
2022-06-05 00:39:38 DEBUG cache:45 - TemplateLoader.findTemplateSource("v3html/v3-html-nav.ftl"): Found
2022-06-05 00:39:38 DEBUG cache:45 - Loading template for "v3html/v3-html-nav.ftl"("en", UTF-8, parsed) from "jar:file:/C:/Users/Parashuram/.m2/repository/com/aventstack/extentreports/4.0.9/extentreports-4.0.9.jar!/com/aventstack/extentreports/view/v3html/v3-html-nav.ftl"
2022-06-05 00:39:38 DEBUG cache:45 - Couldn't find template in cache for "v3html/test-view/v3-html-test-view.ftl"("en", UTF-8, parsed); will try to load it.
2022-06-05 00:39:38 DEBUG cache:45 - TemplateLoader.findTemplateSource("v3html/test-view/v3-html-test-view_en.ftl"): Not found
2022-06-05 00:39:38 DEBUG cache:45 - TemplateLoader.findTemplateSource("v3html/test-view/v3-html-test-view.ftl"): Found
2022-06-05 00:39:38 DEBUG cache:45 - Loading template for "v3html/test-view/v3-html-test-view.ftl"("en", UTF-8, parsed) from "jar:file:/C:/Users/Parashuram/.m2/repository/com/aventstack/extentreports/4.0.9/extentreports-4.0.9.jar!/com/aventstack/extentreports/view/v3html/test-view/v3-html-test-view.ftl"
2022-06-05 00:39:38 DEBUG cache:45 - Couldn't find template in cache for "v3html/test-view/v3-html-test-view-charts.ftl"("en", UTF-8, parsed); will try to load it.
2022-06-05 00:39:38 DEBUG cache:45 - TemplateLoader.findTemplateSource("v3html/test-view/v3-html-test-view-charts_en.ftl"): Not found
2022-06-05 00:39:38 DEBUG cache:45 - TemplateLoader.findTemplateSource("v3html/test-view/v3-html-test-view-charts.ftl"): Found
2022-06-05 00:39:38 DEBUG cache:45 - Loading template for "v3html/test-view/v3-html-test-view-charts.ftl"("en", UTF-8, parsed) from "jar:file:/C:/Users/Parashuram/.m2/repository/com/aventstack/extentreports/4.0.9/extentreports-4.0.9.jar!/com/aventstack/extentreports/view/v3html/test-view/v3-html-test-view-charts.ftl"
2022-06-05 00:39:38 DEBUG cache:45 - Couldn't find template in cache for "v3html/test-view/v3-html-standard.ftl"("en", UTF-8, parsed); will try to load it.
2022-06-05 00:39:38 DEBUG cache:45 - TemplateLoader.findTemplateSource("v3html/test-view/v3-html-standard_en.ftl"): Not found
2022-06-05 00:39:38 DEBUG cache:45 - TemplateLoader.findTemplateSource("v3html/test-view/v3-html-standard.ftl"): Found
2022-06-05 00:39:38 DEBUG cache:45 - Loading template for "v3html/test-view/v3-html-standard.ftl"("en", UTF-8, parsed) from "jar:file:/C:/Users/Parashuram/.m2/repository/com/aventstack/extentreports/4.0.9/extentreports-4.0.9.jar!/com/aventstack/extentreports/view/v3html/test-view/v3-html-standard.ftl"
2022-06-05 00:39:38 DEBUG cache:45 - "v3html/test-view/v3-html-standard.ftl"("en", UTF-8, parsed) cached copy not yet stale; using cached.
2022-06-05 00:39:38 DEBUG cache:45 - "v3html/test-view/v3-html-standard.ftl"("en", UTF-8, parsed) cached copy not yet stale; using cached.
2022-06-05 00:39:38 DEBUG cache:45 - "v3html/test-view/v3-html-standard.ftl"("en", UTF-8, parsed) cached copy not yet stale; using cached.
2022-06-05 00:39:38 DEBUG cache:45 - "v3html/test-view/v3-html-standard.ftl"("en", UTF-8, parsed) cached copy not yet stale; using cached.
2022-06-05 00:39:38 DEBUG cache:45 - "v3html/test-view/v3-html-standard.ftl"("en", UTF-8, parsed) cached copy not yet stale; using cached.
2022-06-05 00:39:38 DEBUG cache:45 - Couldn't find template in cache for "v3html/category-view/v3-html-category-view.ftl"("en", UTF-8, parsed); will try to load it.
2022-06-05 00:39:38 DEBUG cache:45 - TemplateLoader.findTemplateSource("v3html/category-view/v3-html-category-view_en.ftl"): Not found
2022-06-05 00:39:38 DEBUG cache:45 - TemplateLoader.findTemplateSource("v3html/category-view/v3-html-category-view.ftl"): Found
2022-06-05 00:39:38 DEBUG cache:45 - Loading template for "v3html/category-view/v3-html-category-view.ftl"("en", UTF-8, parsed) from "jar:file:/C:/Users/Parashuram/.m2/repository/com/aventstack/extentreports/4.0.9/extentreports-4.0.9.jar!/com/aventstack/extentreports/view/v3html/category-view/v3-html-category-view.ftl"
2022-06-05 00:39:38 DEBUG cache:45 - Couldn't find template in cache for "v3html/exception-view/v3-html-exception-view.ftl"("en", UTF-8, parsed); will try to load it.
2022-06-05 00:39:38 DEBUG cache:45 - TemplateLoader.findTemplateSource("v3html/exception-view/v3-html-exception-view_en.ftl"): Not found
2022-06-05 00:39:38 DEBUG cache:45 - TemplateLoader.findTemplateSource("v3html/exception-view/v3-html-exception-view.ftl"): Found
2022-06-05 00:39:38 DEBUG cache:45 - Loading template for "v3html/exception-view/v3-html-exception-view.ftl"("en", UTF-8, parsed) from "jar:file:/C:/Users/Parashuram/.m2/repository/com/aventstack/extentreports/4.0.9/extentreports-4.0.9.jar!/com/aventstack/extentreports/view/v3html/exception-view/v3-html-exception-view.ftl"
2022-06-05 00:39:38 DEBUG cache:45 - Couldn't find template in cache for "v3html/author-view/v3-html-author-view.ftl"("en", UTF-8, parsed); will try to load it.
2022-06-05 00:39:38 DEBUG cache:45 - TemplateLoader.findTemplateSource("v3html/author-view/v3-html-author-view_en.ftl"): Not found
2022-06-05 00:39:38 DEBUG cache:45 - TemplateLoader.findTemplateSource("v3html/author-view/v3-html-author-view.ftl"): Found
2022-06-05 00:39:38 DEBUG cache:45 - Loading template for "v3html/author-view/v3-html-author-view.ftl"("en", UTF-8, parsed) from "jar:file:/C:/Users/Parashuram/.m2/repository/com/aventstack/extentreports/4.0.9/extentreports-4.0.9.jar!/com/aventstack/extentreports/view/v3html/author-view/v3-html-author-view.ftl"
2022-06-05 00:39:38 DEBUG cache:45 - Couldn't find template in cache for "v3html/dashboard-view/v3-html-dashboard-view.ftl"("en", UTF-8, parsed); will try to load it.
2022-06-05 00:39:38 DEBUG cache:45 - TemplateLoader.findTemplateSource("v3html/dashboard-view/v3-html-dashboard-view_en.ftl"): Not found
2022-06-05 00:39:38 DEBUG cache:45 - TemplateLoader.findTemplateSource("v3html/dashboard-view/v3-html-dashboard-view.ftl"): Found
2022-06-05 00:39:38 DEBUG cache:45 - Loading template for "v3html/dashboard-view/v3-html-dashboard-view.ftl"("en", UTF-8, parsed) from "jar:file:/C:/Users/Parashuram/.m2/repository/com/aventstack/extentreports/4.0.9/extentreports-4.0.9.jar!/com/aventstack/extentreports/view/v3html/dashboard-view/v3-html-dashboard-view.ftl"
2022-06-05 00:39:38 DEBUG cache:45 - Couldn't find template in cache for "v3html/logs-view/v3-html-testrunner-logs-view.ftl"("en", UTF-8, parsed); will try to load it.
2022-06-05 00:39:38 DEBUG cache:45 - TemplateLoader.findTemplateSource("v3html/logs-view/v3-html-testrunner-logs-view_en.ftl"): Not found
2022-06-05 00:39:38 DEBUG cache:45 - TemplateLoader.findTemplateSource("v3html/logs-view/v3-html-testrunner-logs-view.ftl"): Found
2022-06-05 00:39:38 DEBUG cache:45 - Loading template for "v3html/logs-view/v3-html-testrunner-logs-view.ftl"("en", UTF-8, parsed) from "jar:file:/C:/Users/Parashuram/.m2/repository/com/aventstack/extentreports/4.0.9/extentreports-4.0.9.jar!/com/aventstack/extentreports/view/v3html/logs-view/v3-html-testrunner-logs-view.ftl"
2022-06-10 22:25:20 INFO  Log:11 - =====================================verifyLogo TEST START=========================================
2022-06-10 22:25:21 INFO  Log:15 - =====================================verifyLogo TEST END=========================================
2022-06-10 22:25:28 INFO  Log:11 - =====================================verifyTitle TEST START=========================================
2022-06-10 22:25:28 INFO  Log:15 - =====================================verifyTitle TEST END=========================================
2022-06-10 22:44:37 INFO  Log:11 - =====================================verifyLogo TEST START=========================================
2022-06-10 22:44:37 INFO  Log:15 - =====================================verifyLogo TEST END=========================================
2022-06-10 22:44:46 INFO  Log:11 - =====================================verifyTitle TEST START=========================================
2022-06-10 22:44:46 INFO  Log:15 - =====================================verifyTitle TEST END=========================================
2022-06-11 00:43:35 INFO  Log:11 - =====================================verifyLogo TEST START=========================================
2022-06-11 00:43:35 INFO  Log:15 - =====================================verifyLogo TEST END=========================================
2022-06-11 00:43:44 INFO  Log:11 - =====================================verifyTitle TEST START=========================================
2022-06-11 00:43:44 INFO  Log:15 - =====================================verifyTitle TEST END=========================================
2022-06-11 00:49:26 INFO  Log:11 - =====================================verifyLogo TEST START=========================================
2022-06-11 00:49:26 INFO  Log:15 - =====================================verifyLogo TEST END=========================================
2022-06-11 00:49:33 INFO  Log:11 - =====================================verifyTitle TEST START=========================================
2022-06-11 00:49:33 INFO  Log:15 - =====================================verifyTitle TEST END=========================================
